# JRE version: Java(TM) SE Runtime Environment (8.0_66-b17) (build 1.8.0_66-b17)
# Java VM: Java HotSpot(TM) 64-Bit Server VM (25.66-b17 mixed mode linux-amd64 compressed oops)
Heap:
 def new generation   total 4928K, used 599K [0x00000000f0800000, 0x00000000f0d50000, 0x00000000f5aa0000)
  eden space 4416K,   1% used [0x00000000f0800000, 0x00000000f0815cd0, 0x00000000f0c50000)
  from space 512K, 100% used [0x00000000f0c50000, 0x00000000f0cd0000, 0x00000000f0cd0000)
  to   space 512K,   0% used [0x00000000f0cd0000, 0x00000000f0cd0000, 0x00000000f0d50000)
 tenured generation   total 10944K, used 9223K [0x00000000f5aa0000, 0x00000000f6550000, 0x0000000100000000)
   the space 10944K,  84% used [0x00000000f5aa0000, 0x00000000f63a1e78, 0x00000000f63a2000, 0x00000000f6550000)
 Metaspace       used 13798K, capacity 13990K, committed 14080K, reserved 1060864K
  class space    used 1693K, capacity 1785K, committed 1792K, reserved 1048576K
GC Heap History (10 events):
Event: 27.228 GC heap before
{Heap before GC invocations=9 (full 0):
 def new generation   total 4928K, used 4928K [0x00000000f0800000, 0x00000000f0d50000, 0x00000000f5aa0000)
  eden space 4416K, 100% used [0x00000000f0800000, 0x00000000f0c50000, 0x00000000f0c50000)
  from space 512K, 100% used [0x00000000f0cd0000, 0x00000000f0d50000, 0x00000000f0d50000)
  to   space 512K,   0% used [0x00000000f0c50000, 0x00000000f0c50000, 0x00000000f0cd0000)
 tenured generation   total 10944K, used 4768K [0x00000000f5aa0000, 0x00000000f6550000, 0x0000000100000000)
   the space 10944K,  43% used [0x00000000f5aa0000, 0x00000000f5f48150, 0x00000000f5f48200, 0x00000000f6550000)
 Metaspace       used 12392K, capacity 12550K, committed 12672K, reserved 1060864K
  class space    used 1529K, capacity 1625K, committed 1664K, reserved 1048576K
Event: 27.257 GC heap after
Heap after GC invocations=10 (full 0):
 def new generation   total 4928K, used 512K [0x00000000f0800000, 0x00000000f0d50000, 0x00000000f5aa0000)
  eden space 4416K,   0% used [0x00000000f0800000, 0x00000000f0800000, 0x00000000f0c50000)
  from space 512K, 100% used [0x00000000f0c50000, 0x00000000f0cd0000, 0x00000000f0cd0000)
  to   space 512K,   0% used [0x00000000f0cd0000, 0x00000000f0cd0000, 0x00000000f0d50000)
 tenured generation   total 10944K, used 5663K [0x00000000f5aa0000, 0x00000000f6550000, 0x0000000100000000)
   the space 10944K,  51% used [0x00000000f5aa0000, 0x00000000f6027ef8, 0x00000000f6028000, 0x00000000f6550000)
 Metaspace       used 12392K, capacity 12550K, committed 12672K, reserved 1060864K
  class space    used 1529K, capacity 1625K, committed 1664K, reserved 1048576K
}
Event: 28.817 GC heap before
{Heap before GC invocations=10 (full 0):
 def new generation   total 4928K, used 4928K [0x00000000f0800000, 0x00000000f0d50000, 0x00000000f5aa0000)
  eden space 4416K, 100% used [0x00000000f0800000, 0x00000000f0c50000, 0x00000000f0c50000)
  from space 512K, 100% used [0x00000000f0c50000, 0x00000000f0cd0000, 0x00000000f0cd0000)
  to   space 512K,   0% used [0x00000000f0cd0000, 0x00000000f0cd0000, 0x00000000f0d50000)
 tenured generation   total 10944K, used 5663K [0x00000000f5aa0000, 0x00000000f6550000, 0x0000000100000000)
   the space 10944K,  51% used [0x00000000f5aa0000, 0x00000000f6027ef8, 0x00000000f6028000, 0x00000000f6550000)
 Metaspace       used 12815K, capacity 12998K, committed 13184K, reserved 1060864K
  class space    used 1578K, capacity 1625K, committed 1664K, reserved 1048576K
Event: 29.057 GC heap after
Heap after GC invocations=11 (full 0):
 def new generation   total 4928K, used 512K [0x00000000f0800000, 0x00000000f0d50000, 0x00000000f5aa0000)
  eden space 4416K,   0% used [0x00000000f0800000, 0x00000000f0800000, 0x00000000f0c50000)
  from space 512K, 100% used [0x00000000f0cd0000, 0x00000000f0d50000, 0x00000000f0d50000)
  to   space 512K,   0% used [0x00000000f0c50000, 0x00000000f0c50000, 0x00000000f0cd0000)
 tenured generation   total 10944K, used 6725K [0x00000000f5aa0000, 0x00000000f6550000, 0x0000000100000000)
   the space 10944K,  61% used [0x00000000f5aa0000, 0x00000000f61317c8, 0x00000000f6131800, 0x00000000f6550000)
 Metaspace       used 12815K, capacity 12998K, committed 13184K, reserved 1060864K
  class space    used 1578K, capacity 1625K, committed 1664K, reserved 1048576K
}
Event: 29.447 GC heap before
{Heap before GC invocations=11 (full 0):
 def new generation   total 4928K, used 4928K [0x00000000f0800000, 0x00000000f0d50000, 0x00000000f5aa0000)
  eden space 4416K, 100% used [0x00000000f0800000, 0x00000000f0c50000, 0x00000000f0c50000)
  from space 512K, 100% used [0x00000000f0cd0000, 0x00000000f0d50000, 0x00000000f0d50000)
  to   space 512K,   0% used [0x00000000f0c50000, 0x00000000f0c50000, 0x00000000f0cd0000)
 tenured generation   total 10944K, used 6725K [0x00000000f5aa0000, 0x00000000f6550000, 0x0000000100000000)
   the space 10944K,  61% used [0x00000000f5aa0000, 0x00000000f61317c8, 0x00000000f6131800, 0x00000000f6550000)
 Metaspace       used 12816K, capacity 12998K, committed 13184K, reserved 1060864K
  class space    used 1578K, capacity 1625K, committed 1664K, reserved 1048576K
Event: 29.807 GC heap after
Heap after GC invocations=12 (full 0):
 def new generation   total 4928K, used 512K [0x00000000f0800000, 0x00000000f0d50000, 0x00000000f5aa0000)
  eden space 4416K,   0% used [0x00000000f0800000, 0x00000000f0800000, 0x00000000f0c50000)
  from space 512K, 100% used [0x00000000f0c50000, 0x00000000f0cd0000, 0x00000000f0cd0000)
  to   space 512K,   0% used [0x00000000f0cd0000, 0x00000000f0cd0000, 0x00000000f0d50000)
 tenured generation   total 10944K, used 8218K [0x00000000f5aa0000, 0x00000000f6550000, 0x0000000100000000)
   the space 10944K,  75% used [0x00000000f5aa0000, 0x00000000f62a6af0, 0x00000000f62a6c00, 0x00000000f6550000)
 Metaspace       used 12816K, capacity 12998K, committed 13184K, reserved 1060864K
  class space    used 1578K, capacity 1625K, committed 1664K, reserved 1048576K
}
Event: 33.200 GC heap before
{Heap before GC invocations=12 (full 0):
 def new generation   total 4928K, used 4928K [0x00000000f0800000, 0x00000000f0d50000, 0x00000000f5aa0000)
  eden space 4416K, 100% used [0x00000000f0800000, 0x00000000f0c50000, 0x00000000f0c50000)
  from space 512K, 100% used [0x00000000f0c50000, 0x00000000f0cd0000, 0x00000000f0cd0000)
  to   space 512K,   0% used [0x00000000f0cd0000, 0x00000000f0cd0000, 0x00000000f0d50000)
 tenured generation   total 10944K, used 8218K [0x00000000f5aa0000, 0x00000000f6550000, 0x0000000100000000)
   the space 10944K,  75% used [0x00000000f5aa0000, 0x00000000f62a6af0, 0x00000000f62a6c00, 0x00000000f6550000)
 Metaspace       used 13252K, capacity 13350K, committed 13440K, reserved 1060864K
  class space    used 1618K, capacity 1657K, committed 1664K, reserved 1048576K
Event: 33.250 GC heap after
Heap after GC invocations=13 (full 0):
 def new generation   total 4928K, used 512K [0x00000000f0800000, 0x00000000f0d50000, 0x00000000f5aa0000)
  eden space 4416K,   0% used [0x00000000f0800000, 0x00000000f0800000, 0x00000000f0c50000)
  from space 512K, 100% used [0x00000000f0cd0000, 0x00000000f0d50000, 0x00000000f0d50000)
  to   space 512K,   0% used [0x00000000f0c50000, 0x00000000f0c50000, 0x00000000f0cd0000)
 tenured generation   total 10944K, used 8641K [0x00000000f5aa0000, 0x00000000f6550000, 0x0000000100000000)
   the space 10944K,  78% used [0x00000000f5aa0000, 0x00000000f6310620, 0x00000000f6310800, 0x00000000f6550000)
 Metaspace       used 13252K, capacity 13350K, committed 13440K, reserved 1060864K
  class space    used 1618K, capacity 1657K, committed 1664K, reserved 1048576K
}
Event: 34.076 GC heap before
{Heap before GC invocations=13 (full 0):
 def new generation   total 4928K, used 4928K [0x00000000f0800000, 0x00000000f0d50000, 0x00000000f5aa0000)
  eden space 4416K, 100% used [0x00000000f0800000, 0x00000000f0c50000, 0x00000000f0c50000)
  from space 512K, 100% used [0x00000000f0cd0000, 0x00000000f0d50000, 0x00000000f0d50000)
  to   space 512K,   0% used [0x00000000f0c50000, 0x00000000f0c50000, 0x00000000f0cd0000)
 tenured generation   total 10944K, used 8641K [0x00000000f5aa0000, 0x00000000f6550000, 0x0000000100000000)
   the space 10944K,  78% used [0x00000000f5aa0000, 0x00000000f6310620, 0x00000000f6310800, 0x00000000f6550000)
 Metaspace       used 13790K, capacity 13958K, committed 14080K, reserved 1060864K
  class space    used 1692K, capacity 1753K, committed 1792K, reserved 1048576K
Event: 34.099 GC heap after
Heap after GC invocations=14 (full 0):
 def new generation   total 4928K, used 512K [0x00000000f0800000, 0x00000000f0d50000, 0x00000000f5aa0000)
  eden space 4416K,   0% used [0x00000000f0800000, 0x00000000f0800000, 0x00000000f0c50000)
  from space 512K, 100% used [0x00000000f0c50000, 0x00000000f0cd0000, 0x00000000f0cd0000)
  to   space 512K,   0% used [0x00000000f0cd0000, 0x00000000f0cd0000, 0x00000000f0d50000)
 tenured generation   total 10944K, used 9223K [0x00000000f5aa0000, 0x00000000f6550000, 0x0000000100000000)
   the space 10944K,  84% used [0x00000000f5aa0000, 0x00000000f63a1e78, 0x00000000f63a2000, 0x00000000f6550000)
 Metaspace       used 13790K, capacity 13958K, committed 14080K, reserved 1060864K
  class space    used 1692K, capacity 1753K, committed 1792K, reserved 1048576K
}

